WorkoutWarriorAnil/app/build/intermediates/manifest_merge_blame_file/debug/manifest-merger-blame-debug-report.txt
1<?xml version="1.0" encoding="utf-8"?>
2<manifest xmlns:android="http://schemas.android.com/apk/res/android"
3    package="com.example.workoutwarrior_anil"
4    android:versionCode="1"
5    android:versionName="1.0" >
6
7    <uses-sdk
8        android:minSdkVersion="26"
8-->src\main\AndroidManifest.xml
9        android:targetSdkVersion="33" />
9-->src\main\AndroidManifest.xml
10
11    <uses-permission android:name="android.permission.INTERNET" />
11-->src\main\AndroidManifest.xml:5:5-67
11-->src\main\AndroidManifest.xml:5:22-64
12
13    <permission
13-->[androidx.core:core:1.9.0] AndroidManifest.xml:22:5-24:47
14        android:name="com.example.workoutwarrior_anil.DYNAMIC_RECEIVER_NOT_EXPORTED_PERMISSION"
14-->[androidx.core:core:1.9.0] AndroidManifest.xml:23:9-81
15        android:protectionLevel="signature" />
15-->[androidx.core:core:1.9.0] AndroidManifest.xml:24:9-44
16
17    <uses-permission android:name="com.example.workoutwarrior_anil.DYNAMIC_RECEIVER_NOT_EXPORTED_PERMISSION" />
17-->[androidx.core:core:1.9.0] AndroidManifest.xml:26:5-97
17-->[androidx.core:core:1.9.0] AndroidManifest.xml:26:22-94
18
19    <application
19-->src\main\AndroidManifest.xml:7:5-40:19
20        android:name="com.example.workoutwarrior_anil.WorkoutWarriorApplication"
20-->src\main\AndroidManifest.xml:8:9-50
21        android:allowBackup="true"
21-->src\main\AndroidManifest.xml:9:9-35
22        android:appComponentFactory="androidx.core.app.CoreComponentFactory"
22-->[androidx.core:core:1.9.0] AndroidManifest.xml:28:18-86
23        android:dataExtractionRules="@xml/data_extraction_rules"
23-->src\main\AndroidManifest.xml:10:9-65
24        android:debuggable="true"
25        android:extractNativeLibs="false"
26        android:fullBackupContent="@xml/backup_rules"
26-->src\main\AndroidManifest.xml:11:9-54
27        android:icon="@mipmap/logo_black"
27-->src\main\AndroidManifest.xml:12:9-42
28        android:label="@string/app_name"
28-->src\main\AndroidManifest.xml:13:9-41
29        android:roundIcon="@mipmap/logo_black"
29-->src\main\AndroidManifest.xml:14:9-47
30        android:supportsRtl="true"
30-->src\main\AndroidManifest.xml:15:9-35
31        android:testOnly="true"
32        android:theme="@style/Theme.WorkoutWarriorAnil"
32-->src\main\AndroidManifest.xml:16:9-56
33        android:usesCleartextTraffic="true" >
33-->src\main\AndroidManifest.xml:17:9-44
34        <activity
34-->src\main\AndroidManifest.xml:19:9-22:15
35            android:name="com.example.workoutwarrior_anil.ExerciseDetail"
35-->src\main\AndroidManifest.xml:20:13-43
36            android:exported="false" />
36-->src\main\AndroidManifest.xml:21:13-37
37        <activity
37-->src\main\AndroidManifest.xml:23:9-26:66
38            android:name="com.example.workoutwarrior_anil.ExerciseRecyclerActivity"
38-->src\main\AndroidManifest.xml:24:13-53
39            android:exported="false"
39-->src\main\AndroidManifest.xml:25:13-37
40            android:parentActivityName="com.example.workoutwarrior_anil.ExerciseInputActivity" />
40-->src\main\AndroidManifest.xml:26:13-64
41        <activity
41-->src\main\AndroidManifest.xml:27:9-30:55
42            android:name="com.example.workoutwarrior_anil.ExerciseInputActivity"
42-->src\main\AndroidManifest.xml:28:13-50
43            android:exported="false"
43-->src\main\AndroidManifest.xml:29:13-37
44            android:parentActivityName="com.example.workoutwarrior_anil.HomeScreen" />
44-->src\main\AndroidManifest.xml:30:13-53
45        <activity
45-->src\main\AndroidManifest.xml:31:9-39:20
46            android:name="com.example.workoutwarrior_anil.HomeScreen"
46-->src\main\AndroidManifest.xml:32:13-39
47            android:exported="true" >
47-->src\main\AndroidManifest.xml:33:13-36
48            <intent-filter>
48-->src\main\AndroidManifest.xml:34:13-38:29
49                <action android:name="android.intent.action.MAIN" />
49-->src\main\AndroidManifest.xml:35:17-69
49-->src\main\AndroidManifest.xml:35:25-66
50
51                <category android:name="android.intent.category.LAUNCHER" />
51-->src\main\AndroidManifest.xml:37:17-77
51-->src\main\AndroidManifest.xml:37:27-74
52            </intent-filter>
53        </activity>
54
55        <provider
55-->[androidx.emoji2:emoji2:1.2.0] AndroidManifest.xml:24:9-32:20
56            android:name="androidx.startup.InitializationProvider"
56-->[androidx.emoji2:emoji2:1.2.0] AndroidManifest.xml:25:13-67
57            android:authorities="com.example.workoutwarrior_anil.androidx-startup"
57-->[androidx.emoji2:emoji2:1.2.0] AndroidManifest.xml:26:13-68
58            android:exported="false" >
58-->[androidx.emoji2:emoji2:1.2.0] AndroidManifest.xml:27:13-37
59            <meta-data
59-->[androidx.emoji2:emoji2:1.2.0] AndroidManifest.xml:29:13-31:52
60                android:name="androidx.emoji2.text.EmojiCompatInitializer"
60-->[androidx.emoji2:emoji2:1.2.0] AndroidManifest.xml:30:17-75
61                android:value="androidx.startup" />
61-->[androidx.emoji2:emoji2:1.2.0] AndroidManifest.xml:31:17-49
62            <meta-data
62-->[androidx.lifecycle:lifecycle-process:2.4.1] AndroidManifest.xml:31:13-33:52
63                android:name="androidx.lifecycle.ProcessLifecycleInitializer"
63-->[androidx.lifecycle:lifecycle-process:2.4.1] AndroidManifest.xml:32:17-78
64                android:value="androidx.startup" />
64-->[androidx.lifecycle:lifecycle-process:2.4.1] AndroidManifest.xml:33:17-49
65        </provider>
66    </application>
67
68</manifest>